<?xml version="1.0" encoding="UTF-8"?>
<!-- Generated by org.testng.reporters.JUnitReportReporter -->
<testsuite hostname="DESKTOP-OQ0PQCA" failures="0" tests="1" name="com.iplStatTest.testcases.StatsFunctionTest" time="16.997" errors="0" timestamp="2023-05-24T01:02:16 IST" skipped="0">
  <testcase classname="com.iplStatTest.testcases.StatsFunctionTest" name="TC_SFF_009_MostCenturiesBtnTest" time="16.997"/>
  <system-out/>
</testsuite> <!-- com.iplStatTest.testcases.StatsFunctionTest -->
