<?xml version="1.0" encoding="UTF-8"?>
<!-- Generated by org.testng.reporters.JUnitReportReporter -->
<testsuite hostname="DESKTOP-OQ0PQCA" failures="2" tests="25" name="com.iplStatTest.testcases.StatsFunctionTest" time="340.850" errors="0" timestamp="2023-05-24T00:44:22 IST" skipped="0">
  <testcase classname="com.iplStatTest.testcases.StatsFunctionTest" name="TC_SFF_021_MostBestBowlingEconomyBtnTest" time="12.703"/>
  <system-out/>
  <testcase classname="com.iplStatTest.testcases.StatsFunctionTest" name="TC_SFF_015_BestBattingAverageBtnTest" time="14.288"/>
  <system-out/>
  <testcase classname="com.iplStatTest.testcases.StatsFunctionTest" name="TC_SFF_017_MostMaidensBtnTest" time="13.787"/>
  <system-out/>
  <testcase classname="com.iplStatTest.testcases.StatsFunctionTest" name="TC_SFF_027_HatTricksBtnTest" time="12.841"/>
  <system-out/>
  <testcase classname="com.iplStatTest.testcases.StatsFunctionTest" name="TC_SFF_020_MostBestBowlingAverageBtnTest" time="13.625"/>
  <system-out/>
  <testcase classname="com.iplStatTest.testcases.StatsFunctionTest" name="TC_SFF_007_MostSixesInningsBtnTest" time="13.600"/>
  <system-out/>
  <testcase classname="com.iplStatTest.testcases.StatsFunctionTest" name="TC_SFF_012_HighestScoresBtnTest" time="13.893"/>
  <system-out/>
  <testcase classname="com.iplStatTest.testcases.StatsFunctionTest" name="TC_SFF_016_PurpleCapBtnTest" time="12.722"/>
  <system-out/>
  <testcase classname="com.iplStatTest.testcases.StatsFunctionTest" name="TC_SFF_025_MostBestBowlingFiguresBtnTest" time="13.285"/>
  <system-out/>
  <testcase classname="com.iplStatTest.testcases.StatsFunctionTest" name="TC_SFF_024_MostBestBowlingStrikeRateInningsBtnTest" time="13.268"/>
  <system-out/>
  <testcase classname="com.iplStatTest.testcases.StatsFunctionTest" name="TC_SFF_022_MostBestBowlingEconomyInningsBtnTest" time="15.363">
    <failure message="expected [BHUVNESHWAR KUMAR] but found [MOHAMMAD SHAMI]" type="java.lang.AssertionError">
      <![CDATA[java.lang.AssertionError: expected [BHUVNESHWAR KUMAR] but found [MOHAMMAD SHAMI]
at org.testng.Assert.fail(Assert.java:110)
at org.testng.Assert.failNotEquals(Assert.java:1413)
at org.testng.Assert.assertEqualsImpl(Assert.java:149)
at org.testng.Assert.assertEquals(Assert.java:131)
at org.testng.Assert.assertEquals(Assert.java:655)
at org.testng.Assert.assertEquals(Assert.java:665)
at com.iplStatTest.testcases.StatsFunctionTest.TC_SFF_022_MostBestBowlingEconomyInningsBtnTest(StatsFunctionTest.java:213)
at java.base/jdk.internal.reflect.NativeMethodAccessorImpl.invoke0(Native Method)
at java.base/jdk.internal.reflect.NativeMethodAccessorImpl.invoke(NativeMethodAccessorImpl.java:78)
at java.base/jdk.internal.reflect.DelegatingMethodAccessorImpl.invoke(DelegatingMethodAccessorImpl.java:43)
at java.base/java.lang.reflect.Method.invoke(Method.java:567)
at org.testng.internal.invokers.MethodInvocationHelper.invokeMethod(MethodInvocationHelper.java:139)
at org.testng.internal.invokers.TestInvoker.invokeMethod(TestInvoker.java:677)
at org.testng.internal.invokers.TestInvoker.invokeTestMethod(TestInvoker.java:221)
at org.testng.internal.invokers.MethodRunner.runInSequence(MethodRunner.java:50)
at org.testng.internal.invokers.TestInvoker$MethodInvocationAgent.invoke(TestInvoker.java:962)
at org.testng.internal.invokers.TestInvoker.invokeTestMethods(TestInvoker.java:194)
at org.testng.internal.invokers.TestMethodWorker.invokeTestMethods(TestMethodWorker.java:148)
at org.testng.internal.invokers.TestMethodWorker.run(TestMethodWorker.java:128)
at java.base/java.util.ArrayList.forEach(ArrayList.java:1511)
at org.testng.TestRunner.privateRun(TestRunner.java:806)
at org.testng.TestRunner.run(TestRunner.java:601)
at org.testng.SuiteRunner.runTest(SuiteRunner.java:433)
at org.testng.SuiteRunner.runSequentially(SuiteRunner.java:427)
at org.testng.SuiteRunner.privateRun(SuiteRunner.java:387)
at org.testng.SuiteRunner.run(SuiteRunner.java:330)
at org.testng.SuiteRunnerWorker.runSuite(SuiteRunnerWorker.java:52)
at org.testng.SuiteRunnerWorker.run(SuiteRunnerWorker.java:95)
at org.testng.TestNG.runSuitesSequentially(TestNG.java:1256)
at org.testng.TestNG.runSuitesLocally(TestNG.java:1176)
at org.testng.TestNG.runSuites(TestNG.java:1099)
at org.testng.TestNG.run(TestNG.java:1067)
at org.testng.remote.AbstractRemoteTestNG.run(AbstractRemoteTestNG.java:115)
at org.testng.remote.RemoteTestNG.initAndRun(RemoteTestNG.java:251)
at org.testng.remote.RemoteTestNG.main(RemoteTestNG.java:77)
]]>
    </failure>
  </testcase> <!-- TC_SFF_022_MostBestBowlingEconomyInningsBtnTest -->
  <system-out/>
  <testcase classname="com.iplStatTest.testcases.StatsFunctionTest" name="TC_SFF_008_MostFiftiesBtnTest" time="13.089"/>
  <system-out/>
  <testcase classname="com.iplStatTest.testcases.StatsFunctionTest" name="TC_SFF_018_MostDotBallsBtnTest" time="14.298"/>
  <system-out/>
  <testcase classname="com.iplStatTest.testcases.StatsFunctionTest" name="TC_SFF_003_OrangeCapBtnTest" time="13.973"/>
  <system-out/>
  <testcase classname="com.iplStatTest.testcases.StatsFunctionTest" name="TC_SFF_011_FastestCenturiesBtnTest" time="13.664"/>
  <system-out/>
  <testcase classname="com.iplStatTest.testcases.StatsFunctionTest" name="TC_SFF_004_MostFoursBtnTest" time="15.585"/>
  <system-out/>
  <testcase classname="com.iplStatTest.testcases.StatsFunctionTest" name="TC_SFF_009_MostCenturiesBtnTest" time="14.076">
    <failure message="expected [SHUBMAN GILL] but found [VIRAT KOHLI]" type="java.lang.AssertionError">
      <![CDATA[java.lang.AssertionError: expected [SHUBMAN GILL] but found [VIRAT KOHLI]
at org.testng.Assert.fail(Assert.java:110)
at org.testng.Assert.failNotEquals(Assert.java:1413)
at org.testng.Assert.assertEqualsImpl(Assert.java:149)
at org.testng.Assert.assertEquals(Assert.java:131)
at org.testng.Assert.assertEquals(Assert.java:655)
at org.testng.Assert.assertEquals(Assert.java:665)
at com.iplStatTest.testcases.StatsFunctionTest.TC_SFF_009_MostCenturiesBtnTest(StatsFunctionTest.java:95)
at java.base/jdk.internal.reflect.NativeMethodAccessorImpl.invoke0(Native Method)
at java.base/jdk.internal.reflect.NativeMethodAccessorImpl.invoke(NativeMethodAccessorImpl.java:78)
at java.base/jdk.internal.reflect.DelegatingMethodAccessorImpl.invoke(DelegatingMethodAccessorImpl.java:43)
at java.base/java.lang.reflect.Method.invoke(Method.java:567)
at org.testng.internal.invokers.MethodInvocationHelper.invokeMethod(MethodInvocationHelper.java:139)
at org.testng.internal.invokers.TestInvoker.invokeMethod(TestInvoker.java:677)
at org.testng.internal.invokers.TestInvoker.invokeTestMethod(TestInvoker.java:221)
at org.testng.internal.invokers.MethodRunner.runInSequence(MethodRunner.java:50)
at org.testng.internal.invokers.TestInvoker$MethodInvocationAgent.invoke(TestInvoker.java:962)
at org.testng.internal.invokers.TestInvoker.invokeTestMethods(TestInvoker.java:194)
at org.testng.internal.invokers.TestMethodWorker.invokeTestMethods(TestMethodWorker.java:148)
at org.testng.internal.invokers.TestMethodWorker.run(TestMethodWorker.java:128)
at java.base/java.util.ArrayList.forEach(ArrayList.java:1511)
at org.testng.TestRunner.privateRun(TestRunner.java:806)
at org.testng.TestRunner.run(TestRunner.java:601)
at org.testng.SuiteRunner.runTest(SuiteRunner.java:433)
at org.testng.SuiteRunner.runSequentially(SuiteRunner.java:427)
at org.testng.SuiteRunner.privateRun(SuiteRunner.java:387)
at org.testng.SuiteRunner.run(SuiteRunner.java:330)
at org.testng.SuiteRunnerWorker.runSuite(SuiteRunnerWorker.java:52)
at org.testng.SuiteRunnerWorker.run(SuiteRunnerWorker.java:95)
at org.testng.TestNG.runSuitesSequentially(TestNG.java:1256)
at org.testng.TestNG.runSuitesLocally(TestNG.java:1176)
at org.testng.TestNG.runSuites(TestNG.java:1099)
at org.testng.TestNG.run(TestNG.java:1067)
at org.testng.remote.AbstractRemoteTestNG.run(AbstractRemoteTestNG.java:115)
at org.testng.remote.RemoteTestNG.initAndRun(RemoteTestNG.java:251)
at org.testng.remote.RemoteTestNG.main(RemoteTestNG.java:77)
]]>
    </failure>
  </testcase> <!-- TC_SFF_009_MostCenturiesBtnTest -->
  <system-out/>
  <testcase classname="com.iplStatTest.testcases.StatsFunctionTest" name="TC_SFF_013_BestBattingSRBtnTest" time="13.014"/>
  <system-out/>
  <testcase classname="com.iplStatTest.testcases.StatsFunctionTest" name="TC_SFF_014_BestBattingSRInningsBtnTest" time="13.676"/>
  <system-out/>
  <testcase classname="com.iplStatTest.testcases.StatsFunctionTest" name="TC_SFF_023_MostBestBowlingStrikeRateBtnTest" time="13.114"/>
  <system-out/>
  <testcase classname="com.iplStatTest.testcases.StatsFunctionTest" name="TC_SFF_005_MostFoursInningsBtnTest" time="12.789"/>
  <system-out/>
  <testcase classname="com.iplStatTest.testcases.StatsFunctionTest" name="TC_SFF_006_MostSixesBtnTest" time="12.904"/>
  <system-out/>
  <testcase classname="com.iplStatTest.testcases.StatsFunctionTest" name="TC_SFF_010_FastestFiftiesBtnTest" time="13.376"/>
  <system-out/>
  <testcase classname="com.iplStatTest.testcases.StatsFunctionTest" name="TC_SFF_026_MostRunsConcededBtnTest" time="13.670"/>
  <system-out/>
  <testcase classname="com.iplStatTest.testcases.StatsFunctionTest" name="TC_SFF_019_MostDotBallsInningsBtnTest" time="14.247"/>
  <system-out/>
</testsuite> <!-- com.iplStatTest.testcases.StatsFunctionTest -->
