<?xml version="1.0" encoding="UTF-8"?>
<!-- Generated by org.testng.reporters.JUnitReportReporter -->
<testsuite hostname="DESKTOP-OQ0PQCA" failures="0" tests="1" name="com.iplStatTest.testcases.RecordTabTest" time="13.111" errors="0" timestamp="2023-05-24T00:52:30 IST" skipped="0">
  <testcase classname="com.iplStatTest.testcases.RecordTabTest" name="TC_RT_001_StatPage" time="13.111"/>
  <system-out/>
</testsuite> <!-- com.iplStatTest.testcases.RecordTabTest -->
