<?xml version="1.0" encoding="UTF-8"?>
<!-- Generated by org.testng.reporters.JUnitReportReporter -->
<testsuite hostname="DESKTOP-OQ0PQCA" failures="0" tests="16" name="com.iplStatTest.testcases.SeasonFunctionTest" time="504.358" errors="0" timestamp="2023-05-22T23:29:28 IST" skipped="0">
  <testcase classname="com.iplStatTest.testcases.SeasonFunctionTest" name="TC_SF_011_S13" time="23.366"/>
  <system-out/>
  <testcase classname="com.iplStatTest.testcases.SeasonFunctionTest" name="TC_SF_009_S15" time="24.993"/>
  <system-out/>
  <testcase classname="com.iplStatTest.testcases.SeasonFunctionTest" name="TC_SF_005_S19" time="77.280"/>
  <system-out/>
  <testcase classname="com.iplStatTest.testcases.SeasonFunctionTest" name="TC_SF_016_S08" time="89.946"/>
  <system-out/>
  <testcase classname="com.iplStatTest.testcases.SeasonFunctionTest" name="TC_SF_010_S14" time="17.403"/>
  <system-out/>
  <testcase classname="com.iplStatTest.testcases.SeasonFunctionTest" name="TC_SF_006_S18" time="17.177"/>
  <system-out/>
  <testcase classname="com.iplStatTest.testcases.SeasonFunctionTest" name="TC_SF_015_S09" time="18.780"/>
  <system-out/>
  <testcase classname="com.iplStatTest.testcases.SeasonFunctionTest" name="TC_SF_002_S22" time="22.926"/>
  <system-out/>
  <testcase classname="com.iplStatTest.testcases.SeasonFunctionTest" name="TC_SF_007_S17" time="21.519"/>
  <system-out/>
  <testcase classname="com.iplStatTest.testcases.SeasonFunctionTest" name="TC_SF_001_S23" time="15.378"/>
  <system-out/>
  <testcase classname="com.iplStatTest.testcases.SeasonFunctionTest" name="TC_SF_008_S16" time="16.320"/>
  <system-out/>
  <testcase classname="com.iplStatTest.testcases.SeasonFunctionTest" name="TC_SF_014_S10" time="38.828"/>
  <system-out/>
  <testcase classname="com.iplStatTest.testcases.SeasonFunctionTest" name="TC_SF_003_S21" time="32.351"/>
  <system-out/>
  <testcase classname="com.iplStatTest.testcases.SeasonFunctionTest" name="TC_SF_004_S20" time="16.206"/>
  <system-out/>
  <testcase classname="com.iplStatTest.testcases.SeasonFunctionTest" name="TC_SF_013_S11" time="32.231"/>
  <system-out/>
  <testcase classname="com.iplStatTest.testcases.SeasonFunctionTest" name="TC_SF_012_S12" time="39.654"/>
  <system-out/>
</testsuite> <!-- com.iplStatTest.testcases.SeasonFunctionTest -->
